../example1.out 

 "mpw.txt" No.00 -- planewave --
medium density                   [kg/m^3] :            1000
speed of sound in the medium        [m/s] :            1500
frequency                            [Hz] :          100000
sound pressure amplitude             [Pa] :     10+      0I
x-component of translation vector     [m] :               0
y-component of translation vector     [m] :               0
z-component of translation vector     [m] :               0
rotation parameter theta            [rad] :             0.2
rotation parameter psi              [rad] :               0
-- additional information --
wavelength                            [m] :           0.015
absolute value of sound intensity [W/m^2] : 3.3333333333333e-05
x-component of sound intensity    [W/m^2] : 6.622311026502e-06
y-component of sound intensity    [W/m^2] :               0
z-component of sound intensity    [W/m^2] : 3.2668885928041e-05

 "mpw.txt" No.01 -- planewave --
medium density                   [kg/m^3] :            1000
speed of sound in the medium        [m/s] :            1500
frequency                            [Hz] :          100000
sound pressure amplitude             [Pa] :     10+      0I
x-component of translation vector     [m] :               0
y-component of translation vector     [m] :               0
z-component of translation vector     [m] :               0
rotation parameter theta            [rad] :             0.2
rotation parameter psi              [rad] :      3.14159265
-- additional information --
wavelength                            [m] :           0.015
absolute value of sound intensity [W/m^2] : 3.3333333333333e-05
x-component of sound intensity    [W/m^2] : -6.622311026502e-06
y-component of sound intensity    [W/m^2] : 2.377272596438e-14
z-component of sound intensity    [W/m^2] : 3.2668885928041e-05

sound pressure and particle velocity at r=( 0.0005,-0.003, 0.001)
p  = 1.83223215804548e+01 +7.97498595650069e+00 I
v_x=-4.39753880462059e-08 +1.01032303480245e-07 I
v_y= 4.43464657038045e-15 +1.71452902772561e-15 I
v_z= 1.19713966729754e-05 +5.21067812981306e-06 I
Real value at r=( 0.0005,-0.003, 0.001), t=0.01 
p  = 1.83223215804497e+01
v_x=-4.39753880462708e-08
v_y= 4.43464657037935e-15
v_z= 1.19713966729720e-05

Directional derivative of sound pressure at r=( 0.0005,-0.003, 0.001)
n=( 0.107084, 0.275436, 0.955336),|n|=1
dpdn=-3.13453657243016e+03 +7.18293933224860e+03 I
Directional derivative using central difference. h=1.5e-09
dpdn=-3.13453657341256e+03 +7.18293933310577e+03 I
